<?xml version="1.0" encoding="UTF-8"?>
<!-- Generated by org.testng.reporters.JUnitXMLReporter -->
<testsuite hostname="LAPTOP-9674UGGD" name="Test" tests="3" failures="0" timestamp="19 Feb 2020 09:34:48 GMT" time="58.385" errors="0">
  <testcase name="runScenario" time="50.364" classname="com.testrunner.TestRunnerClass"/>
  <testcase name="runScenario" time="53.499" classname="com.testrunner.TestRunnerClass"/>
  <testcase name="runScenario" time="58.07" classname="com.testrunner.TestRunnerClass"/>
</testsuite> <!-- Test -->
