<?xml version="1.0" encoding="UTF-8"?>
<testng-results skipped="0" failed="0" total="3" passed="3">
  <reporter-output>
  </reporter-output>
  <suite name="Suite" duration-ms="58385" started-at="2020-02-19T09:33:50Z" finished-at="2020-02-19T09:34:48Z">
    <groups>
      <group name="cucumber">
        <method signature="AbstractTestNGCucumberTests.runScenario(cucumber.api.testng.PickleEventWrapper, cucumber.api.testng.CucumberFeatureWrapper)[pri:0, instance:com.testrunner.TestRunnerClass@4501b7af]" name="runScenario" class="cucumber.api.testng.AbstractTestNGCucumberTests"/>
      </group> <!-- cucumber -->
    </groups>
    <test name="Test" duration-ms="58385" started-at="2020-02-19T09:33:50Z" finished-at="2020-02-19T09:34:48Z">
      <class name="com.testrunner.TestRunnerClass">
        <test-method status="PASS" signature="setUpClass()[pri:0, instance:com.testrunner.TestRunnerClass@4501b7af]" name="setUpClass" is-config="true" duration-ms="218" started-at="2020-02-19T15:03:50Z" finished-at="2020-02-19T15:03:50Z">
          <reporter-output>
          </reporter-output>
        </test-method> <!-- setUpClass -->
        <test-method status="PASS" signature="runScenario(cucumber.api.testng.PickleEventWrapper, cucumber.api.testng.CucumberFeatureWrapper)[pri:0, instance:com.testrunner.TestRunnerClass@4501b7af]" name="runScenario" duration-ms="50364" started-at="2020-02-19T15:03:50Z" description="Runs Cucumber Scenarios" data-provider="scenarios" finished-at="2020-02-19T15:04:41Z">
          <params>
            <param index="0">
              <value>
                <![CDATA["To verify the search option"]]>
              </value>
            </param>
            <param index="1">
              <value>
                <![CDATA["verify the ikoala application"]]>
              </value>
            </param>
          </params>
          <reporter-output>
          </reporter-output>
        </test-method> <!-- runScenario -->
        <test-method status="PASS" signature="runScenario(cucumber.api.testng.PickleEventWrapper, cucumber.api.testng.CucumberFeatureWrapper)[pri:0, instance:com.testrunner.TestRunnerClass@4501b7af]" name="runScenario" duration-ms="53499" started-at="2020-02-19T15:03:50Z" description="Runs Cucumber Scenarios" data-provider="scenarios" finished-at="2020-02-19T15:04:44Z">
          <params>
            <param index="0">
              <value>
                <![CDATA["To verify the search option"]]>
              </value>
            </param>
            <param index="1">
              <value>
                <![CDATA["verify the ikoala application"]]>
              </value>
            </param>
          </params>
          <reporter-output>
          </reporter-output>
        </test-method> <!-- runScenario -->
        <test-method status="PASS" signature="runScenario(cucumber.api.testng.PickleEventWrapper, cucumber.api.testng.CucumberFeatureWrapper)[pri:0, instance:com.testrunner.TestRunnerClass@4501b7af]" name="runScenario" duration-ms="58070" started-at="2020-02-19T15:03:50Z" description="Runs Cucumber Scenarios" data-provider="scenarios" finished-at="2020-02-19T15:04:48Z">
          <params>
            <param index="0">
              <value>
                <![CDATA["To verify the search option"]]>
              </value>
            </param>
            <param index="1">
              <value>
                <![CDATA["verify the ikoala application"]]>
              </value>
            </param>
          </params>
          <reporter-output>
          </reporter-output>
        </test-method> <!-- runScenario -->
        <test-method status="PASS" signature="tearDownClass()[pri:0, instance:com.testrunner.TestRunnerClass@4501b7af]" name="tearDownClass" is-config="true" duration-ms="9" started-at="2020-02-19T15:04:48Z" finished-at="2020-02-19T15:04:48Z">
          <reporter-output>
          </reporter-output>
        </test-method> <!-- tearDownClass -->
      </class> <!-- com.testrunner.TestRunnerClass -->
    </test> <!-- Test -->
  </suite> <!-- Suite -->
</testng-results>
